2026-03-06 02:18:04,895 - INFO - fetching data at https://earthquake.usgs.gov/fdsnws/event/1/query?format=geojson&starttime=2026-3-5&endtime=2026-3-6
2026-03-06 02:18:05,169 - INFO - Fetching earthquake data from USGS API. (fetch_earthquake_data executed in 0.27 seconds)
2026-03-06 02:18:05,170 - INFO - Processing earthquake data. (process_earthquake_data executed in 0.00 seconds)
2026-03-06 02:18:06,914 - INFO - Plotting earthquake data on a world map. (plot_earthquakes executed in 1.74 seconds)
2026-03-06 02:18:06,914 - INFO - Map of earthquakes for 2026-3-5 generated successfully. Image saved at 'outputs/2026-3-5.png'.
2026-03-06 02:18:06,918 - INFO - Earthquake data for 2026-3-5 processed successfully. CSV saved at 'data/2026-3-5.csv'.
2026-03-06 02:18:06,918 - INFO - DailyQuakes.py executed successfully.
2026-03-06 02:18:07,872 - INFO - Authenticating with Twitter API. (authenticate_twitter executed in 0.00 seconds)
2026-03-06 02:18:07,874 - INFO - Generating Twitter message for earthquake data. (twitter_message executed in 0.00 seconds)
2026-03-06 02:18:10,066 - INFO - Tweet posted at 'https://x.com/TodayQuakes/status/2029743306129723834'.
2026-03-06 02:18:10,066 - INFO - Posting tweet. (post_tweet executed in 2.19 seconds)
2026-03-06 02:18:10,066 - INFO - Managing memory. (manage_memory executed in 0.00 seconds)
2026-03-06 02:18:10,066 - INFO - bot.py executed successfully.

 --- 


2026-03-06 02:33:14,226 - INFO - fetching data at https://earthquake.usgs.gov/fdsnws/event/1/query?format=geojson&starttime=2026-3-5&endtime=2026-3-6
2026-03-06 02:33:14,582 - INFO - Fetching earthquake data from USGS API. (fetch_earthquake_data executed in 0.36 seconds)
2026-03-06 02:33:14,584 - INFO - Processing earthquake data. (process_earthquake_data executed in 0.00 seconds)
2026-03-06 02:33:16,572 - INFO - Plotting earthquake data on a world map. (plot_earthquakes executed in 1.99 seconds)
2026-03-06 02:33:16,572 - INFO - Map of earthquakes for 2026-3-5 generated successfully. Image saved at 'outputs/2026-3-5.png'.
2026-03-06 02:33:16,576 - INFO - Earthquake data for 2026-3-5 processed successfully. CSV saved at 'data/2026-3-5.csv'.
2026-03-06 02:33:16,576 - INFO - DailyQuakes.py executed successfully.
2026-03-06 02:33:17,455 - INFO - Authenticating with Twitter API. (authenticate_twitter executed in 0.00 seconds)
2026-03-06 02:33:17,457 - INFO - Generating Twitter message for earthquake data. (twitter_message executed in 0.00 seconds)
2026-03-06 02:33:19,389 - INFO - Tweet posted at 'https://x.com/TodayQuakes/status/2029747120228462786'.
2026-03-06 02:33:19,389 - INFO - Posting tweet. (post_tweet executed in 1.93 seconds)
2026-03-06 02:33:19,389 - INFO - Managing memory. (manage_memory executed in 0.00 seconds)
2026-03-06 02:33:19,389 - INFO - bot.py executed successfully.

 --- 


2026-03-06 05:37:16,921 - INFO - fetching data at https://earthquake.usgs.gov/fdsnws/event/1/query?format=geojson&starttime=2026-3-5&endtime=2026-3-6
2026-03-06 05:37:17,522 - INFO - Fetching earthquake data from USGS API. (fetch_earthquake_data executed in 0.60 seconds)
2026-03-06 05:37:17,524 - INFO - Processing earthquake data. (process_earthquake_data executed in 0.00 seconds)
2026-03-06 05:37:18,993 - INFO - Plotting earthquake data on a world map. (plot_earthquakes executed in 1.47 seconds)
2026-03-06 05:37:18,993 - INFO - Map of earthquakes for 2026-3-5 generated successfully. Image saved at 'outputs/2026-3-5.png'.
2026-03-06 05:37:18,997 - INFO - Earthquake data for 2026-3-5 processed successfully. CSV saved at 'data/2026-3-5.csv'.
2026-03-06 05:37:18,997 - INFO - DailyQuakes.py executed successfully.
2026-03-06 05:37:19,923 - INFO - Authenticating with Twitter API. (authenticate_twitter executed in 0.00 seconds)
2026-03-06 05:37:19,925 - INFO - Generating Twitter message for earthquake data. (twitter_message executed in 0.00 seconds)
2026-03-06 05:37:21,592 - INFO - Tweet posted at 'https://x.com/TodayQuakes/status/2029793434958172490'.
2026-03-06 05:37:21,592 - INFO - Posting tweet. (post_tweet executed in 1.67 seconds)
2026-03-06 05:37:21,592 - INFO - Managing memory. (manage_memory executed in 0.00 seconds)
2026-03-06 05:37:21,592 - INFO - bot.py executed successfully.

 --- 


2026-03-07 05:30:29,134 - INFO - fetching data at https://earthquake.usgs.gov/fdsnws/event/1/query?format=geojson&starttime=2026-3-6&endtime=2026-3-7
2026-03-07 05:30:29,600 - INFO - Fetching earthquake data from USGS API. (fetch_earthquake_data executed in 0.47 seconds)
2026-03-07 05:30:29,602 - INFO - Processing earthquake data. (process_earthquake_data executed in 0.00 seconds)
2026-03-07 05:30:31,592 - INFO - Plotting earthquake data on a world map. (plot_earthquakes executed in 1.99 seconds)
2026-03-07 05:30:31,593 - INFO - Map of earthquakes for 2026-3-6 generated successfully. Image saved at 'outputs/2026-3-6.png'.
2026-03-07 05:30:31,597 - INFO - Earthquake data for 2026-3-6 processed successfully. CSV saved at 'data/2026-3-6.csv'.
2026-03-07 05:30:31,597 - INFO - DailyQuakes.py executed successfully.
2026-03-07 05:30:32,614 - INFO - Authenticating with Twitter API. (authenticate_twitter executed in 0.00 seconds)
2026-03-07 05:30:32,617 - INFO - Generating Twitter message for earthquake data. (twitter_message executed in 0.00 seconds)
2026-03-07 05:30:34,737 - INFO - Tweet posted at 'https://x.com/TodayQuakes/status/2030154115968364859'.
2026-03-07 05:30:34,737 - INFO - Posting tweet. (post_tweet executed in 2.12 seconds)
2026-03-07 05:30:34,737 - INFO - Managing memory. (manage_memory executed in 0.00 seconds)
2026-03-07 05:30:34,738 - INFO - bot.py executed successfully.

 --- 


2026-03-08 05:34:58,983 - INFO - fetching data at https://earthquake.usgs.gov/fdsnws/event/1/query?format=geojson&starttime=2026-3-7&endtime=2026-3-8
2026-03-08 05:34:59,173 - INFO - Fetching earthquake data from USGS API. (fetch_earthquake_data executed in 0.19 seconds)
2026-03-08 05:34:59,174 - INFO - Processing earthquake data. (process_earthquake_data executed in 0.00 seconds)
2026-03-08 05:35:00,587 - INFO - Plotting earthquake data on a world map. (plot_earthquakes executed in 1.41 seconds)
2026-03-08 05:35:00,587 - INFO - Map of earthquakes for 2026-3-7 generated successfully. Image saved at 'outputs/2026-3-7.png'.
2026-03-08 05:35:00,591 - INFO - Earthquake data for 2026-3-7 processed successfully. CSV saved at 'data/2026-3-7.csv'.
2026-03-08 05:35:00,591 - INFO - DailyQuakes.py executed successfully.
2026-03-08 05:35:01,499 - INFO - Authenticating with Twitter API. (authenticate_twitter executed in 0.00 seconds)
2026-03-08 05:35:01,501 - INFO - Generating Twitter message for earthquake data. (twitter_message executed in 0.00 seconds)
2026-03-08 05:35:03,109 - INFO - Tweet posted at 'https://x.com/TodayQuakes/status/2030517629769957613'.
2026-03-08 05:35:03,109 - INFO - Posting tweet. (post_tweet executed in 1.61 seconds)
2026-03-08 05:35:03,110 - INFO - Managing memory. (manage_memory executed in 0.00 seconds)
2026-03-08 05:35:03,110 - INFO - bot.py executed successfully.

 --- 


2026-03-09 05:48:28,596 - INFO - fetching data at https://earthquake.usgs.gov/fdsnws/event/1/query?format=geojson&starttime=2026-3-8&endtime=2026-3-9
2026-03-09 05:48:29,127 - INFO - Fetching earthquake data from USGS API. (fetch_earthquake_data executed in 0.53 seconds)
2026-03-09 05:48:29,128 - INFO - Processing earthquake data. (process_earthquake_data executed in 0.00 seconds)
2026-03-09 05:48:30,897 - INFO - Plotting earthquake data on a world map. (plot_earthquakes executed in 1.77 seconds)
2026-03-09 05:48:30,897 - INFO - Map of earthquakes for 2026-3-8 generated successfully. Image saved at 'outputs/2026-3-8.png'.
2026-03-09 05:48:30,901 - INFO - Earthquake data for 2026-3-8 processed successfully. CSV saved at 'data/2026-3-8.csv'.
2026-03-09 05:48:30,901 - INFO - DailyQuakes.py executed successfully.
2026-03-09 05:48:31,878 - INFO - Authenticating with Twitter API. (authenticate_twitter executed in 0.00 seconds)
2026-03-09 05:48:31,881 - INFO - Generating Twitter message for earthquake data. (twitter_message executed in 0.00 seconds)
2026-03-09 05:48:33,741 - INFO - Tweet posted at 'https://x.com/TodayQuakes/status/2030883417441579519'.
2026-03-09 05:48:33,742 - INFO - Posting tweet. (post_tweet executed in 1.86 seconds)
2026-03-09 05:48:33,742 - INFO - Managing memory. (manage_memory executed in 0.00 seconds)
2026-03-09 05:48:33,742 - INFO - bot.py executed successfully.

 --- 


2026-03-10 05:38:14,218 - INFO - fetching data at https://earthquake.usgs.gov/fdsnws/event/1/query?format=geojson&starttime=2026-3-9&endtime=2026-3-10
2026-03-10 05:38:14,352 - INFO - Fetching earthquake data from USGS API. (fetch_earthquake_data executed in 0.13 seconds)
2026-03-10 05:38:14,354 - INFO - Processing earthquake data. (process_earthquake_data executed in 0.00 seconds)
2026-03-10 05:38:15,805 - INFO - Plotting earthquake data on a world map. (plot_earthquakes executed in 1.45 seconds)
2026-03-10 05:38:15,805 - INFO - Map of earthquakes for 2026-3-9 generated successfully. Image saved at 'outputs/2026-3-9.png'.
2026-03-10 05:38:15,809 - INFO - Earthquake data for 2026-3-9 processed successfully. CSV saved at 'data/2026-3-9.csv'.
2026-03-10 05:38:15,809 - INFO - DailyQuakes.py executed successfully.
2026-03-10 05:38:16,716 - INFO - Authenticating with Twitter API. (authenticate_twitter executed in 0.00 seconds)
2026-03-10 05:38:16,719 - INFO - Generating Twitter message for earthquake data. (twitter_message executed in 0.00 seconds)
2026-03-10 05:38:18,257 - INFO - Tweet posted at 'https://x.com/TodayQuakes/status/2031243223847551277'.
2026-03-10 05:38:18,257 - INFO - Posting tweet. (post_tweet executed in 1.54 seconds)
2026-03-10 05:38:18,258 - INFO - Managing memory. (manage_memory executed in 0.00 seconds)
2026-03-10 05:38:18,258 - INFO - bot.py executed successfully.

 --- 


